<?xml version="1.0" encoding="UTF-8"?>
<testsuite xmlns:xsi="http://www.w3.org/2001/XMLSchema-instance" xsi:noNamespaceSchemaLocation="https://maven.apache.org/surefire/maven-surefire-plugin/xsd/surefire-test-report-3.0.xsd" version="3.0" name="com.quick.beauty.quickbeautyapi.QuickbeautyapiApplicationTests" time="21.508" tests="1" errors="0" skipped="0" failures="0">
  <properties>
    <property name="java.specification.version" value="17"/>
    <property name="sun.cpu.isalist" value="amd64"/>
    <property name="sun.jnu.encoding" value="Cp1252"/>
    <property name="java.class.path" value="C:\Users\Patricia Castro\Desktop\SpringSpace\Projects\quickbeautyapi\target\test-classes;C:\Users\Patricia Castro\Desktop\SpringSpace\Projects\quickbeautyapi\target\classes;C:\Users\Patricia Castro\.m2\repository\org\jacoco\jacoco-maven-plugin\0.8.4\jacoco-maven-plugin-0.8.4.jar;C:\Users\Patricia Castro\.m2\repository\org\apache\maven\maven-plugin-api\3.0\maven-plugin-api-3.0.jar;C:\Users\Patricia Castro\.m2\repository\org\apache\maven\maven-model\3.0\maven-model-3.0.jar;C:\Users\Patricia Castro\.m2\repository\org\apache\maven\maven-artifact\3.0\maven-artifact-3.0.jar;C:\Users\Patricia Castro\.m2\repository\org\sonatype\sisu\sisu-inject-plexus\1.4.2\sisu-inject-plexus-1.4.2.jar;C:\Users\Patricia Castro\.m2\repository\org\sonatype\sisu\sisu-inject-bean\1.4.2\sisu-inject-bean-1.4.2.jar;C:\Users\Patricia Castro\.m2\repository\org\sonatype\sisu\sisu-guice\2.1.7\sisu-guice-2.1.7-noaop.jar;C:\Users\Patricia Castro\.m2\repository\org\apache\maven\maven-core\3.0\maven-core-3.0.jar;C:\Users\Patricia Castro\.m2\repository\org\apache\maven\maven-settings\3.0\maven-settings-3.0.jar;C:\Users\Patricia Castro\.m2\repository\org\apache\maven\maven-settings-builder\3.0\maven-settings-builder-3.0.jar;C:\Users\Patricia Castro\.m2\repository\org\apache\maven\maven-repository-metadata\3.0\maven-repository-metadata-3.0.jar;C:\Users\Patricia Castro\.m2\repository\org\apache\maven\maven-model-builder\3.0\maven-model-builder-3.0.jar;C:\Users\Patricia Castro\.m2\repository\org\apache\maven\maven-aether-provider\3.0\maven-aether-provider-3.0.jar;C:\Users\Patricia Castro\.m2\repository\org\sonatype\aether\aether-impl\1.7\aether-impl-1.7.jar;C:\Users\Patricia Castro\.m2\repository\org\sonatype\aether\aether-spi\1.7\aether-spi-1.7.jar;C:\Users\Patricia Castro\.m2\repository\org\sonatype\aether\aether-api\1.7\aether-api-1.7.jar;C:\Users\Patricia Castro\.m2\repository\org\sonatype\aether\aether-util\1.7\aether-util-1.7.jar;C:\Users\Patricia Castro\.m2\repository\org\codehaus\plexus\plexus-interpolation\1.14\plexus-interpolation-1.14.jar;C:\Users\Patricia Castro\.m2\repository\org\codehaus\plexus\plexus-classworlds\2.2.3\plexus-classworlds-2.2.3.jar;C:\Users\Patricia Castro\.m2\repository\org\codehaus\plexus\plexus-component-annotations\1.5.5\plexus-component-annotations-1.5.5.jar;C:\Users\Patricia Castro\.m2\repository\org\sonatype\plexus\plexus-sec-dispatcher\1.3\plexus-sec-dispatcher-1.3.jar;C:\Users\Patricia Castro\.m2\repository\org\sonatype\plexus\plexus-cipher\1.4\plexus-cipher-1.4.jar;C:\Users\Patricia Castro\.m2\repository\org\codehaus\plexus\plexus-utils\3.0.22\plexus-utils-3.0.22.jar;C:\Users\Patricia Castro\.m2\repository\org\apache\maven\shared\file-management\1.2.1\file-management-1.2.1.jar;C:\Users\Patricia Castro\.m2\repository\org\apache\maven\shared\maven-shared-io\1.1\maven-shared-io-1.1.jar;C:\Users\Patricia Castro\.m2\repository\org\apache\maven\maven-artifact-manager\2.0.2\maven-artifact-manager-2.0.2.jar;C:\Users\Patricia Castro\.m2\repository\org\apache\maven\wagon\wagon-provider-api\1.0-alpha-6\wagon-provider-api-1.0-alpha-6.jar;C:\Users\Patricia Castro\.m2\repository\org\codehaus\plexus\plexus-container-default\1.0-alpha-9\plexus-container-default-1.0-alpha-9.jar;C:\Users\Patricia Castro\.m2\repository\junit\junit\4.13.2\junit-4.13.2.jar;C:\Users\Patricia Castro\.m2\repository\org\hamcrest\hamcrest-core\2.2\hamcrest-core-2.2.jar;C:\Users\Patricia Castro\.m2\repository\classworlds\classworlds\1.1-alpha-2\classworlds-1.1-alpha-2.jar;C:\Users\Patricia Castro\.m2\repository\org\apache\maven\reporting\maven-reporting-api\3.0\maven-reporting-api-3.0.jar;C:\Users\Patricia Castro\.m2\repository\org\apache\maven\doxia\doxia-sink-api\1.0\doxia-sink-api-1.0.jar;C:\Users\Patricia Castro\.m2\repository\org\apache\maven\reporting\maven-reporting-impl\2.1\maven-reporting-impl-2.1.jar;C:\Users\Patricia Castro\.m2\repository\org\apache\maven\maven-project\2.0.10\maven-project-2.0.10.jar;C:\Users\Patricia Castro\.m2\repository\org\apache\maven\maven-profile\2.0.10\maven-profile-2.0.10.jar;C:\Users\Patricia Castro\.m2\repository\org\apache\maven\maven-plugin-registry\2.0.10\maven-plugin-registry-2.0.10.jar;C:\Users\Patricia Castro\.m2\repository\org\apache\maven\doxia\doxia-core\1.1.2\doxia-core-1.1.2.jar;C:\Users\Patricia Castro\.m2\repository\org\apache\maven\doxia\doxia-logging-api\1.1.2\doxia-logging-api-1.1.2.jar;C:\Users\Patricia Castro\.m2\repository\xerces\xercesImpl\2.8.1\xercesImpl-2.8.1.jar;C:\Users\Patricia Castro\.m2\repository\commons-lang\commons-lang\2.4\commons-lang-2.4.jar;C:\Users\Patricia Castro\.m2\repository\commons-httpclient\commons-httpclient\3.1\commons-httpclient-3.1.jar;C:\Users\Patricia Castro\.m2\repository\org\apache\maven\doxia\doxia-site-renderer\1.1.2\doxia-site-renderer-1.1.2.jar;C:\Users\Patricia Castro\.m2\repository\org\apache\maven\doxia\doxia-decoration-model\1.1.2\doxia-decoration-model-1.1.2.jar;C:\Users\Patricia Castro\.m2\repository\org\apache\maven\doxia\doxia-module-xhtml\1.1.2\doxia-module-xhtml-1.1.2.jar;C:\Users\Patricia Castro\.m2\repository\org\apache\maven\doxia\doxia-module-fml\1.1.2\doxia-module-fml-1.1.2.jar;C:\Users\Patricia Castro\.m2\repository\org\codehaus\plexus\plexus-i18n\1.0-beta-7\plexus-i18n-1.0-beta-7.jar;C:\Users\Patricia Castro\.m2\repository\org\codehaus\plexus\plexus-velocity\1.1.7\plexus-velocity-1.1.7.jar;C:\Users\Patricia Castro\.m2\repository\org\apache\velocity\velocity\1.5\velocity-1.5.jar;C:\Users\Patricia Castro\.m2\repository\commons-collections\commons-collections\3.2\commons-collections-3.2.jar;C:\Users\Patricia Castro\.m2\repository\commons-validator\commons-validator\1.2.0\commons-validator-1.2.0.jar;C:\Users\Patricia Castro\.m2\repository\commons-beanutils\commons-beanutils\1.7.0\commons-beanutils-1.7.0.jar;C:\Users\Patricia Castro\.m2\repository\commons-digester\commons-digester\1.6\commons-digester-1.6.jar;C:\Users\Patricia Castro\.m2\repository\commons-logging\commons-logging\1.0.4\commons-logging-1.0.4.jar;C:\Users\Patricia Castro\.m2\repository\oro\oro\2.0.8\oro-2.0.8.jar;C:\Users\Patricia Castro\.m2\repository\xml-apis\xml-apis\1.0.b2\xml-apis-1.0.b2.jar;C:\Users\Patricia Castro\.m2\repository\org\jacoco\org.jacoco.agent\0.8.4\org.jacoco.agent-0.8.4-runtime.jar;C:\Users\Patricia Castro\.m2\repository\org\jacoco\org.jacoco.core\0.8.4\org.jacoco.core-0.8.4.jar;C:\Users\Patricia Castro\.m2\repository\org\ow2\asm\asm\7.1\asm-7.1.jar;C:\Users\Patricia Castro\.m2\repository\org\ow2\asm\asm-commons\7.1\asm-commons-7.1.jar;C:\Users\Patricia Castro\.m2\repository\org\ow2\asm\asm-analysis\7.1\asm-analysis-7.1.jar;C:\Users\Patricia Castro\.m2\repository\org\ow2\asm\asm-tree\7.1\asm-tree-7.1.jar;C:\Users\Patricia Castro\.m2\repository\org\jacoco\org.jacoco.report\0.8.4\org.jacoco.report-0.8.4.jar;C:\Users\Patricia Castro\.m2\repository\org\springframework\boot\spring-boot-starter-data-jpa\3.2.4\spring-boot-starter-data-jpa-3.2.4.jar;C:\Users\Patricia Castro\.m2\repository\org\springframework\boot\spring-boot-starter-aop\3.2.4\spring-boot-starter-aop-3.2.4.jar;C:\Users\Patricia Castro\.m2\repository\org\aspectj\aspectjweaver\1.9.21\aspectjweaver-1.9.21.jar;C:\Users\Patricia Castro\.m2\repository\org\springframework\boot\spring-boot-starter-jdbc\3.2.4\spring-boot-starter-jdbc-3.2.4.jar;C:\Users\Patricia Castro\.m2\repository\com\zaxxer\HikariCP\5.0.1\HikariCP-5.0.1.jar;C:\Users\Patricia Castro\.m2\repository\org\springframework\spring-jdbc\6.1.5\spring-jdbc-6.1.5.jar;C:\Users\Patricia Castro\.m2\repository\org\hibernate\orm\hibernate-core\6.4.4.Final\hibernate-core-6.4.4.Final.jar;C:\Users\Patricia Castro\.m2\repository\jakarta\persistence\jakarta.persistence-api\3.1.0\jakarta.persistence-api-3.1.0.jar;C:\Users\Patricia Castro\.m2\repository\jakarta\transaction\jakarta.transaction-api\2.0.1\jakarta.transaction-api-2.0.1.jar;C:\Users\Patricia Castro\.m2\repository\org\jboss\logging\jboss-logging\3.5.3.Final\jboss-logging-3.5.3.Final.jar;C:\Users\Patricia Castro\.m2\repository\org\hibernate\common\hibernate-commons-annotations\6.0.6.Final\hibernate-commons-annotations-6.0.6.Final.jar;C:\Users\Patricia Castro\.m2\repository\io\smallrye\jandex\3.1.2\jandex-3.1.2.jar;C:\Users\Patricia Castro\.m2\repository\com\fasterxml\classmate\1.6.0\classmate-1.6.0.jar;C:\Users\Patricia Castro\.m2\repository\net\bytebuddy\byte-buddy\1.14.12\byte-buddy-1.14.12.jar;C:\Users\Patricia Castro\.m2\repository\org\glassfish\jaxb\jaxb-runtime\4.0.5\jaxb-runtime-4.0.5.jar;C:\Users\Patricia Castro\.m2\repository\org\glassfish\jaxb\jaxb-core\4.0.5\jaxb-core-4.0.5.jar;C:\Users\Patricia Castro\.m2\repository\org\eclipse\angus\angus-activation\2.0.2\angus-activation-2.0.2.jar;C:\Users\Patricia Castro\.m2\repository\org\glassfish\jaxb\txw2\4.0.5\txw2-4.0.5.jar;C:\Users\Patricia Castro\.m2\repository\com\sun\istack\istack-commons-runtime\4.1.2\istack-commons-runtime-4.1.2.jar;C:\Users\Patricia Castro\.m2\repository\jakarta\inject\jakarta.inject-api\2.0.1\jakarta.inject-api-2.0.1.jar;C:\Users\Patricia Castro\.m2\repository\org\antlr\antlr4-runtime\4.13.0\antlr4-runtime-4.13.0.jar;C:\Users\Patricia Castro\.m2\repository\org\springframework\data\spring-data-jpa\3.2.4\spring-data-jpa-3.2.4.jar;C:\Users\Patricia Castro\.m2\repository\org\springframework\data\spring-data-commons\3.2.4\spring-data-commons-3.2.4.jar;C:\Users\Patricia Castro\.m2\repository\org\springframework\spring-orm\6.1.5\spring-orm-6.1.5.jar;C:\Users\Patricia Castro\.m2\repository\org\springframework\spring-context\6.1.5\spring-context-6.1.5.jar;C:\Users\Patricia Castro\.m2\repository\jakarta\annotation\jakarta.annotation-api\2.1.1\jakarta.annotation-api-2.1.1.jar;C:\Users\Patricia Castro\.m2\repository\org\slf4j\slf4j-api\2.0.12\slf4j-api-2.0.12.jar;C:\Users\Patricia Castro\.m2\repository\org\springframework\spring-aspects\6.1.5\spring-aspects-6.1.5.jar;C:\Users\Patricia Castro\.m2\repository\org\springframework\boot\spring-boot-starter-security\3.2.4\spring-boot-starter-security-3.2.4.jar;C:\Users\Patricia Castro\.m2\repository\org\springframework\boot\spring-boot-starter\3.2.4\spring-boot-starter-3.2.4.jar;C:\Users\Patricia Castro\.m2\repository\org\springframework\boot\spring-boot\3.2.4\spring-boot-3.2.4.jar;C:\Users\Patricia Castro\.m2\repository\org\springframework\boot\spring-boot-autoconfigure\3.2.4\spring-boot-autoconfigure-3.2.4.jar;C:\Users\Patricia Castro\.m2\repository\org\springframework\boot\spring-boot-starter-logging\3.2.4\spring-boot-starter-logging-3.2.4.jar;C:\Users\Patricia Castro\.m2\repository\ch\qos\logback\logback-classic\1.4.14\logback-classic-1.4.14.jar;C:\Users\Patricia Castro\.m2\repository\ch\qos\logback\logback-core\1.4.14\logback-core-1.4.14.jar;C:\Users\Patricia Castro\.m2\repository\org\apache\logging\log4j\log4j-to-slf4j\2.21.1\log4j-to-slf4j-2.21.1.jar;C:\Users\Patricia Castro\.m2\repository\org\apache\logging\log4j\log4j-api\2.21.1\log4j-api-2.21.1.jar;C:\Users\Patricia Castro\.m2\repository\org\slf4j\jul-to-slf4j\2.0.12\jul-to-slf4j-2.0.12.jar;C:\Users\Patricia Castro\.m2\repository\org\yaml\snakeyaml\2.2\snakeyaml-2.2.jar;C:\Users\Patricia Castro\.m2\repository\org\springframework\spring-aop\6.1.5\spring-aop-6.1.5.jar;C:\Users\Patricia Castro\.m2\repository\org\springframework\security\spring-security-config\6.2.3\spring-security-config-6.2.3.jar;C:\Users\Patricia Castro\.m2\repository\org\springframework\security\spring-security-web\6.2.3\spring-security-web-6.2.3.jar;C:\Users\Patricia Castro\.m2\repository\org\springframework\spring-expression\6.1.5\spring-expression-6.1.5.jar;C:\Users\Patricia Castro\.m2\repository\org\springframework\boot\spring-boot-starter-web\3.2.4\spring-boot-starter-web-3.2.4.jar;C:\Users\Patricia Castro\.m2\repository\org\springframework\boot\spring-boot-starter-json\3.2.4\spring-boot-starter-json-3.2.4.jar;C:\Users\Patricia Castro\.m2\repository\com\fasterxml\jackson\datatype\jackson-datatype-jdk8\2.15.4\jackson-datatype-jdk8-2.15.4.jar;C:\Users\Patricia Castro\.m2\repository\com\fasterxml\jackson\datatype\jackson-datatype-jsr310\2.15.4\jackson-datatype-jsr310-2.15.4.jar;C:\Users\Patricia Castro\.m2\repository\com\fasterxml\jackson\module\jackson-module-parameter-names\2.15.4\jackson-module-parameter-names-2.15.4.jar;C:\Users\Patricia Castro\.m2\repository\org\springframework\boot\spring-boot-starter-tomcat\3.2.4\spring-boot-starter-tomcat-3.2.4.jar;C:\Users\Patricia Castro\.m2\repository\org\apache\tomcat\embed\tomcat-embed-core\10.1.19\tomcat-embed-core-10.1.19.jar;C:\Users\Patricia Castro\.m2\repository\org\apache\tomcat\embed\tomcat-embed-el\10.1.19\tomcat-embed-el-10.1.19.jar;C:\Users\Patricia Castro\.m2\repository\org\apache\tomcat\embed\tomcat-embed-websocket\10.1.19\tomcat-embed-websocket-10.1.19.jar;C:\Users\Patricia Castro\.m2\repository\org\springframework\spring-web\6.1.5\spring-web-6.1.5.jar;C:\Users\Patricia Castro\.m2\repository\io\micrometer\micrometer-observation\1.12.4\micrometer-observation-1.12.4.jar;C:\Users\Patricia Castro\.m2\repository\io\micrometer\micrometer-commons\1.12.4\micrometer-commons-1.12.4.jar;C:\Users\Patricia Castro\.m2\repository\org\springframework\spring-webmvc\6.1.5\spring-webmvc-6.1.5.jar;C:\Users\Patricia Castro\.m2\repository\org\postgresql\postgresql\42.6.2\postgresql-42.6.2.jar;C:\Users\Patricia Castro\.m2\repository\org\checkerframework\checker-qual\3.31.0\checker-qual-3.31.0.jar;C:\Users\Patricia Castro\.m2\repository\org\springframework\boot\spring-boot-starter-test\3.2.4\spring-boot-starter-test-3.2.4.jar;C:\Users\Patricia Castro\.m2\repository\org\springframework\boot\spring-boot-test\3.2.4\spring-boot-test-3.2.4.jar;C:\Users\Patricia Castro\.m2\repository\org\springframework\boot\spring-boot-test-autoconfigure\3.2.4\spring-boot-test-autoconfigure-3.2.4.jar;C:\Users\Patricia Castro\.m2\repository\com\jayway\jsonpath\json-path\2.9.0\json-path-2.9.0.jar;C:\Users\Patricia Castro\.m2\repository\jakarta\xml\bind\jakarta.xml.bind-api\4.0.2\jakarta.xml.bind-api-4.0.2.jar;C:\Users\Patricia Castro\.m2\repository\jakarta\activation\jakarta.activation-api\2.1.3\jakarta.activation-api-2.1.3.jar;C:\Users\Patricia Castro\.m2\repository\net\minidev\json-smart\2.5.0\json-smart-2.5.0.jar;C:\Users\Patricia Castro\.m2\repository\net\minidev\accessors-smart\2.5.0\accessors-smart-2.5.0.jar;C:\Users\Patricia Castro\.m2\repository\org\assertj\assertj-core\3.24.2\assertj-core-3.24.2.jar;C:\Users\Patricia Castro\.m2\repository\org\awaitility\awaitility\4.2.0\awaitility-4.2.0.jar;C:\Users\Patricia Castro\.m2\repository\org\hamcrest\hamcrest\2.2\hamcrest-2.2.jar;C:\Users\Patricia Castro\.m2\repository\org\junit\jupiter\junit-jupiter\5.10.2\junit-jupiter-5.10.2.jar;C:\Users\Patricia Castro\.m2\repository\org\junit\jupiter\junit-jupiter-api\5.10.2\junit-jupiter-api-5.10.2.jar;C:\Users\Patricia Castro\.m2\repository\org\opentest4j\opentest4j\1.3.0\opentest4j-1.3.0.jar;C:\Users\Patricia Castro\.m2\repository\org\junit\platform\junit-platform-commons\1.10.2\junit-platform-commons-1.10.2.jar;C:\Users\Patricia Castro\.m2\repository\org\apiguardian\apiguardian-api\1.1.2\apiguardian-api-1.1.2.jar;C:\Users\Patricia Castro\.m2\repository\org\junit\jupiter\junit-jupiter-params\5.10.2\junit-jupiter-params-5.10.2.jar;C:\Users\Patricia Castro\.m2\repository\org\junit\jupiter\junit-jupiter-engine\5.10.2\junit-jupiter-engine-5.10.2.jar;C:\Users\Patricia Castro\.m2\repository\org\junit\platform\junit-platform-engine\1.10.2\junit-platform-engine-1.10.2.jar;C:\Users\Patricia Castro\.m2\repository\org\mockito\mockito-core\5.7.0\mockito-core-5.7.0.jar;C:\Users\Patricia Castro\.m2\repository\net\bytebuddy\byte-buddy-agent\1.14.12\byte-buddy-agent-1.14.12.jar;C:\Users\Patricia Castro\.m2\repository\org\objenesis\objenesis\3.3\objenesis-3.3.jar;C:\Users\Patricia Castro\.m2\repository\org\mockito\mockito-junit-jupiter\5.7.0\mockito-junit-jupiter-5.7.0.jar;C:\Users\Patricia Castro\.m2\repository\org\skyscreamer\jsonassert\1.5.1\jsonassert-1.5.1.jar;C:\Users\Patricia Castro\.m2\repository\com\vaadin\external\google\android-json\0.0.20131108.vaadin1\android-json-0.0.20131108.vaadin1.jar;C:\Users\Patricia Castro\.m2\repository\org\springframework\spring-core\6.1.5\spring-core-6.1.5.jar;C:\Users\Patricia Castro\.m2\repository\org\springframework\spring-jcl\6.1.5\spring-jcl-6.1.5.jar;C:\Users\Patricia Castro\.m2\repository\org\springframework\spring-test\6.1.5\spring-test-6.1.5.jar;C:\Users\Patricia Castro\.m2\repository\org\xmlunit\xmlunit-core\2.9.1\xmlunit-core-2.9.1.jar;C:\Users\Patricia Castro\.m2\repository\org\springframework\security\spring-security-test\6.2.3\spring-security-test-6.2.3.jar;C:\Users\Patricia Castro\.m2\repository\org\springframework\security\spring-security-core\6.2.3\spring-security-core-6.2.3.jar;C:\Users\Patricia Castro\.m2\repository\org\springframework\security\spring-security-crypto\6.2.3\spring-security-crypto-6.2.3.jar;C:\Users\Patricia Castro\.m2\repository\com\auth0\java-jwt\3.8.1\java-jwt-3.8.1.jar;C:\Users\Patricia Castro\.m2\repository\commons-codec\commons-codec\1.16.1\commons-codec-1.16.1.jar;C:\Users\Patricia Castro\.m2\repository\org\springframework\spring-tx\6.1.5\spring-tx-6.1.5.jar;C:\Users\Patricia Castro\.m2\repository\org\springframework\spring-beans\6.1.5\spring-beans-6.1.5.jar;C:\Users\Patricia Castro\.m2\repository\com\fasterxml\jackson\core\jackson-databind\2.15.4\jackson-databind-2.15.4.jar;C:\Users\Patricia Castro\.m2\repository\com\fasterxml\jackson\core\jackson-annotations\2.15.4\jackson-annotations-2.15.4.jar;C:\Users\Patricia Castro\.m2\repository\com\fasterxml\jackson\core\jackson-core\2.15.4\jackson-core-2.15.4.jar;"/>
    <property name="java.vm.vendor" value="Oracle Corporation"/>
    <property name="sun.arch.data.model" value="64"/>
    <property name="user.variant" value=""/>
    <property name="java.vendor.url" value="https://java.oracle.com/"/>
    <property name="user.timezone" value="America/Sao_Paulo"/>
    <property name="org.jboss.logging.provider" value="slf4j"/>
    <property name="os.name" value="Windows 10"/>
    <property name="java.vm.specification.version" value="17"/>
    <property name="sun.java.launcher" value="SUN_STANDARD"/>
    <property name="user.country" value="BR"/>
    <property name="sun.boot.library.path" value="C:\Program Files\Java\jdk-17\bin"/>
    <property name="sun.java.command" value="C:\Users\Patricia Castro\AppData\Local\Temp\surefire10530659516743317959\surefirebooter-20240425230942002_3.jar C:\Users\Patricia Castro\AppData\Local\Temp\surefire10530659516743317959 2024-04-25T23-09-41_568-jvmRun1 surefire-20240425230942002_1tmp surefire_0-20240425230942002_2tmp"/>
    <property name="jdk.debug" value="release"/>
    <property name="surefire.test.class.path" value="C:\Users\Patricia Castro\Desktop\SpringSpace\Projects\quickbeautyapi\target\test-classes;C:\Users\Patricia Castro\Desktop\SpringSpace\Projects\quickbeautyapi\target\classes;C:\Users\Patricia Castro\.m2\repository\org\jacoco\jacoco-maven-plugin\0.8.4\jacoco-maven-plugin-0.8.4.jar;C:\Users\Patricia Castro\.m2\repository\org\apache\maven\maven-plugin-api\3.0\maven-plugin-api-3.0.jar;C:\Users\Patricia Castro\.m2\repository\org\apache\maven\maven-model\3.0\maven-model-3.0.jar;C:\Users\Patricia Castro\.m2\repository\org\apache\maven\maven-artifact\3.0\maven-artifact-3.0.jar;C:\Users\Patricia Castro\.m2\repository\org\sonatype\sisu\sisu-inject-plexus\1.4.2\sisu-inject-plexus-1.4.2.jar;C:\Users\Patricia Castro\.m2\repository\org\sonatype\sisu\sisu-inject-bean\1.4.2\sisu-inject-bean-1.4.2.jar;C:\Users\Patricia Castro\.m2\repository\org\sonatype\sisu\sisu-guice\2.1.7\sisu-guice-2.1.7-noaop.jar;C:\Users\Patricia Castro\.m2\repository\org\apache\maven\maven-core\3.0\maven-core-3.0.jar;C:\Users\Patricia Castro\.m2\repository\org\apache\maven\maven-settings\3.0\maven-settings-3.0.jar;C:\Users\Patricia Castro\.m2\repository\org\apache\maven\maven-settings-builder\3.0\maven-settings-builder-3.0.jar;C:\Users\Patricia Castro\.m2\repository\org\apache\maven\maven-repository-metadata\3.0\maven-repository-metadata-3.0.jar;C:\Users\Patricia Castro\.m2\repository\org\apache\maven\maven-model-builder\3.0\maven-model-builder-3.0.jar;C:\Users\Patricia Castro\.m2\repository\org\apache\maven\maven-aether-provider\3.0\maven-aether-provider-3.0.jar;C:\Users\Patricia Castro\.m2\repository\org\sonatype\aether\aether-impl\1.7\aether-impl-1.7.jar;C:\Users\Patricia Castro\.m2\repository\org\sonatype\aether\aether-spi\1.7\aether-spi-1.7.jar;C:\Users\Patricia Castro\.m2\repository\org\sonatype\aether\aether-api\1.7\aether-api-1.7.jar;C:\Users\Patricia Castro\.m2\repository\org\sonatype\aether\aether-util\1.7\aether-util-1.7.jar;C:\Users\Patricia Castro\.m2\repository\org\codehaus\plexus\plexus-interpolation\1.14\plexus-interpolation-1.14.jar;C:\Users\Patricia Castro\.m2\repository\org\codehaus\plexus\plexus-classworlds\2.2.3\plexus-classworlds-2.2.3.jar;C:\Users\Patricia Castro\.m2\repository\org\codehaus\plexus\plexus-component-annotations\1.5.5\plexus-component-annotations-1.5.5.jar;C:\Users\Patricia Castro\.m2\repository\org\sonatype\plexus\plexus-sec-dispatcher\1.3\plexus-sec-dispatcher-1.3.jar;C:\Users\Patricia Castro\.m2\repository\org\sonatype\plexus\plexus-cipher\1.4\plexus-cipher-1.4.jar;C:\Users\Patricia Castro\.m2\repository\org\codehaus\plexus\plexus-utils\3.0.22\plexus-utils-3.0.22.jar;C:\Users\Patricia Castro\.m2\repository\org\apache\maven\shared\file-management\1.2.1\file-management-1.2.1.jar;C:\Users\Patricia Castro\.m2\repository\org\apache\maven\shared\maven-shared-io\1.1\maven-shared-io-1.1.jar;C:\Users\Patricia Castro\.m2\repository\org\apache\maven\maven-artifact-manager\2.0.2\maven-artifact-manager-2.0.2.jar;C:\Users\Patricia Castro\.m2\repository\org\apache\maven\wagon\wagon-provider-api\1.0-alpha-6\wagon-provider-api-1.0-alpha-6.jar;C:\Users\Patricia Castro\.m2\repository\org\codehaus\plexus\plexus-container-default\1.0-alpha-9\plexus-container-default-1.0-alpha-9.jar;C:\Users\Patricia Castro\.m2\repository\junit\junit\4.13.2\junit-4.13.2.jar;C:\Users\Patricia Castro\.m2\repository\org\hamcrest\hamcrest-core\2.2\hamcrest-core-2.2.jar;C:\Users\Patricia Castro\.m2\repository\classworlds\classworlds\1.1-alpha-2\classworlds-1.1-alpha-2.jar;C:\Users\Patricia Castro\.m2\repository\org\apache\maven\reporting\maven-reporting-api\3.0\maven-reporting-api-3.0.jar;C:\Users\Patricia Castro\.m2\repository\org\apache\maven\doxia\doxia-sink-api\1.0\doxia-sink-api-1.0.jar;C:\Users\Patricia Castro\.m2\repository\org\apache\maven\reporting\maven-reporting-impl\2.1\maven-reporting-impl-2.1.jar;C:\Users\Patricia Castro\.m2\repository\org\apache\maven\maven-project\2.0.10\maven-project-2.0.10.jar;C:\Users\Patricia Castro\.m2\repository\org\apache\maven\maven-profile\2.0.10\maven-profile-2.0.10.jar;C:\Users\Patricia Castro\.m2\repository\org\apache\maven\maven-plugin-registry\2.0.10\maven-plugin-registry-2.0.10.jar;C:\Users\Patricia Castro\.m2\repository\org\apache\maven\doxia\doxia-core\1.1.2\doxia-core-1.1.2.jar;C:\Users\Patricia Castro\.m2\repository\org\apache\maven\doxia\doxia-logging-api\1.1.2\doxia-logging-api-1.1.2.jar;C:\Users\Patricia Castro\.m2\repository\xerces\xercesImpl\2.8.1\xercesImpl-2.8.1.jar;C:\Users\Patricia Castro\.m2\repository\commons-lang\commons-lang\2.4\commons-lang-2.4.jar;C:\Users\Patricia Castro\.m2\repository\commons-httpclient\commons-httpclient\3.1\commons-httpclient-3.1.jar;C:\Users\Patricia Castro\.m2\repository\org\apache\maven\doxia\doxia-site-renderer\1.1.2\doxia-site-renderer-1.1.2.jar;C:\Users\Patricia Castro\.m2\repository\org\apache\maven\doxia\doxia-decoration-model\1.1.2\doxia-decoration-model-1.1.2.jar;C:\Users\Patricia Castro\.m2\repository\org\apache\maven\doxia\doxia-module-xhtml\1.1.2\doxia-module-xhtml-1.1.2.jar;C:\Users\Patricia Castro\.m2\repository\org\apache\maven\doxia\doxia-module-fml\1.1.2\doxia-module-fml-1.1.2.jar;C:\Users\Patricia Castro\.m2\repository\org\codehaus\plexus\plexus-i18n\1.0-beta-7\plexus-i18n-1.0-beta-7.jar;C:\Users\Patricia Castro\.m2\repository\org\codehaus\plexus\plexus-velocity\1.1.7\plexus-velocity-1.1.7.jar;C:\Users\Patricia Castro\.m2\repository\org\apache\velocity\velocity\1.5\velocity-1.5.jar;C:\Users\Patricia Castro\.m2\repository\commons-collections\commons-collections\3.2\commons-collections-3.2.jar;C:\Users\Patricia Castro\.m2\repository\commons-validator\commons-validator\1.2.0\commons-validator-1.2.0.jar;C:\Users\Patricia Castro\.m2\repository\commons-beanutils\commons-beanutils\1.7.0\commons-beanutils-1.7.0.jar;C:\Users\Patricia Castro\.m2\repository\commons-digester\commons-digester\1.6\commons-digester-1.6.jar;C:\Users\Patricia Castro\.m2\repository\commons-logging\commons-logging\1.0.4\commons-logging-1.0.4.jar;C:\Users\Patricia Castro\.m2\repository\oro\oro\2.0.8\oro-2.0.8.jar;C:\Users\Patricia Castro\.m2\repository\xml-apis\xml-apis\1.0.b2\xml-apis-1.0.b2.jar;C:\Users\Patricia Castro\.m2\repository\org\jacoco\org.jacoco.agent\0.8.4\org.jacoco.agent-0.8.4-runtime.jar;C:\Users\Patricia Castro\.m2\repository\org\jacoco\org.jacoco.core\0.8.4\org.jacoco.core-0.8.4.jar;C:\Users\Patricia Castro\.m2\repository\org\ow2\asm\asm\7.1\asm-7.1.jar;C:\Users\Patricia Castro\.m2\repository\org\ow2\asm\asm-commons\7.1\asm-commons-7.1.jar;C:\Users\Patricia Castro\.m2\repository\org\ow2\asm\asm-analysis\7.1\asm-analysis-7.1.jar;C:\Users\Patricia Castro\.m2\repository\org\ow2\asm\asm-tree\7.1\asm-tree-7.1.jar;C:\Users\Patricia Castro\.m2\repository\org\jacoco\org.jacoco.report\0.8.4\org.jacoco.report-0.8.4.jar;C:\Users\Patricia Castro\.m2\repository\org\springframework\boot\spring-boot-starter-data-jpa\3.2.4\spring-boot-starter-data-jpa-3.2.4.jar;C:\Users\Patricia Castro\.m2\repository\org\springframework\boot\spring-boot-starter-aop\3.2.4\spring-boot-starter-aop-3.2.4.jar;C:\Users\Patricia Castro\.m2\repository\org\aspectj\aspectjweaver\1.9.21\aspectjweaver-1.9.21.jar;C:\Users\Patricia Castro\.m2\repository\org\springframework\boot\spring-boot-starter-jdbc\3.2.4\spring-boot-starter-jdbc-3.2.4.jar;C:\Users\Patricia Castro\.m2\repository\com\zaxxer\HikariCP\5.0.1\HikariCP-5.0.1.jar;C:\Users\Patricia Castro\.m2\repository\org\springframework\spring-jdbc\6.1.5\spring-jdbc-6.1.5.jar;C:\Users\Patricia Castro\.m2\repository\org\hibernate\orm\hibernate-core\6.4.4.Final\hibernate-core-6.4.4.Final.jar;C:\Users\Patricia Castro\.m2\repository\jakarta\persistence\jakarta.persistence-api\3.1.0\jakarta.persistence-api-3.1.0.jar;C:\Users\Patricia Castro\.m2\repository\jakarta\transaction\jakarta.transaction-api\2.0.1\jakarta.transaction-api-2.0.1.jar;C:\Users\Patricia Castro\.m2\repository\org\jboss\logging\jboss-logging\3.5.3.Final\jboss-logging-3.5.3.Final.jar;C:\Users\Patricia Castro\.m2\repository\org\hibernate\common\hibernate-commons-annotations\6.0.6.Final\hibernate-commons-annotations-6.0.6.Final.jar;C:\Users\Patricia Castro\.m2\repository\io\smallrye\jandex\3.1.2\jandex-3.1.2.jar;C:\Users\Patricia Castro\.m2\repository\com\fasterxml\classmate\1.6.0\classmate-1.6.0.jar;C:\Users\Patricia Castro\.m2\repository\net\bytebuddy\byte-buddy\1.14.12\byte-buddy-1.14.12.jar;C:\Users\Patricia Castro\.m2\repository\org\glassfish\jaxb\jaxb-runtime\4.0.5\jaxb-runtime-4.0.5.jar;C:\Users\Patricia Castro\.m2\repository\org\glassfish\jaxb\jaxb-core\4.0.5\jaxb-core-4.0.5.jar;C:\Users\Patricia Castro\.m2\repository\org\eclipse\angus\angus-activation\2.0.2\angus-activation-2.0.2.jar;C:\Users\Patricia Castro\.m2\repository\org\glassfish\jaxb\txw2\4.0.5\txw2-4.0.5.jar;C:\Users\Patricia Castro\.m2\repository\com\sun\istack\istack-commons-runtime\4.1.2\istack-commons-runtime-4.1.2.jar;C:\Users\Patricia Castro\.m2\repository\jakarta\inject\jakarta.inject-api\2.0.1\jakarta.inject-api-2.0.1.jar;C:\Users\Patricia Castro\.m2\repository\org\antlr\antlr4-runtime\4.13.0\antlr4-runtime-4.13.0.jar;C:\Users\Patricia Castro\.m2\repository\org\springframework\data\spring-data-jpa\3.2.4\spring-data-jpa-3.2.4.jar;C:\Users\Patricia Castro\.m2\repository\org\springframework\data\spring-data-commons\3.2.4\spring-data-commons-3.2.4.jar;C:\Users\Patricia Castro\.m2\repository\org\springframework\spring-orm\6.1.5\spring-orm-6.1.5.jar;C:\Users\Patricia Castro\.m2\repository\org\springframework\spring-context\6.1.5\spring-context-6.1.5.jar;C:\Users\Patricia Castro\.m2\repository\jakarta\annotation\jakarta.annotation-api\2.1.1\jakarta.annotation-api-2.1.1.jar;C:\Users\Patricia Castro\.m2\repository\org\slf4j\slf4j-api\2.0.12\slf4j-api-2.0.12.jar;C:\Users\Patricia Castro\.m2\repository\org\springframework\spring-aspects\6.1.5\spring-aspects-6.1.5.jar;C:\Users\Patricia Castro\.m2\repository\org\springframework\boot\spring-boot-starter-security\3.2.4\spring-boot-starter-security-3.2.4.jar;C:\Users\Patricia Castro\.m2\repository\org\springframework\boot\spring-boot-starter\3.2.4\spring-boot-starter-3.2.4.jar;C:\Users\Patricia Castro\.m2\repository\org\springframework\boot\spring-boot\3.2.4\spring-boot-3.2.4.jar;C:\Users\Patricia Castro\.m2\repository\org\springframework\boot\spring-boot-autoconfigure\3.2.4\spring-boot-autoconfigure-3.2.4.jar;C:\Users\Patricia Castro\.m2\repository\org\springframework\boot\spring-boot-starter-logging\3.2.4\spring-boot-starter-logging-3.2.4.jar;C:\Users\Patricia Castro\.m2\repository\ch\qos\logback\logback-classic\1.4.14\logback-classic-1.4.14.jar;C:\Users\Patricia Castro\.m2\repository\ch\qos\logback\logback-core\1.4.14\logback-core-1.4.14.jar;C:\Users\Patricia Castro\.m2\repository\org\apache\logging\log4j\log4j-to-slf4j\2.21.1\log4j-to-slf4j-2.21.1.jar;C:\Users\Patricia Castro\.m2\repository\org\apache\logging\log4j\log4j-api\2.21.1\log4j-api-2.21.1.jar;C:\Users\Patricia Castro\.m2\repository\org\slf4j\jul-to-slf4j\2.0.12\jul-to-slf4j-2.0.12.jar;C:\Users\Patricia Castro\.m2\repository\org\yaml\snakeyaml\2.2\snakeyaml-2.2.jar;C:\Users\Patricia Castro\.m2\repository\org\springframework\spring-aop\6.1.5\spring-aop-6.1.5.jar;C:\Users\Patricia Castro\.m2\repository\org\springframework\security\spring-security-config\6.2.3\spring-security-config-6.2.3.jar;C:\Users\Patricia Castro\.m2\repository\org\springframework\security\spring-security-web\6.2.3\spring-security-web-6.2.3.jar;C:\Users\Patricia Castro\.m2\repository\org\springframework\spring-expression\6.1.5\spring-expression-6.1.5.jar;C:\Users\Patricia Castro\.m2\repository\org\springframework\boot\spring-boot-starter-web\3.2.4\spring-boot-starter-web-3.2.4.jar;C:\Users\Patricia Castro\.m2\repository\org\springframework\boot\spring-boot-starter-json\3.2.4\spring-boot-starter-json-3.2.4.jar;C:\Users\Patricia Castro\.m2\repository\com\fasterxml\jackson\datatype\jackson-datatype-jdk8\2.15.4\jackson-datatype-jdk8-2.15.4.jar;C:\Users\Patricia Castro\.m2\repository\com\fasterxml\jackson\datatype\jackson-datatype-jsr310\2.15.4\jackson-datatype-jsr310-2.15.4.jar;C:\Users\Patricia Castro\.m2\repository\com\fasterxml\jackson\module\jackson-module-parameter-names\2.15.4\jackson-module-parameter-names-2.15.4.jar;C:\Users\Patricia Castro\.m2\repository\org\springframework\boot\spring-boot-starter-tomcat\3.2.4\spring-boot-starter-tomcat-3.2.4.jar;C:\Users\Patricia Castro\.m2\repository\org\apache\tomcat\embed\tomcat-embed-core\10.1.19\tomcat-embed-core-10.1.19.jar;C:\Users\Patricia Castro\.m2\repository\org\apache\tomcat\embed\tomcat-embed-el\10.1.19\tomcat-embed-el-10.1.19.jar;C:\Users\Patricia Castro\.m2\repository\org\apache\tomcat\embed\tomcat-embed-websocket\10.1.19\tomcat-embed-websocket-10.1.19.jar;C:\Users\Patricia Castro\.m2\repository\org\springframework\spring-web\6.1.5\spring-web-6.1.5.jar;C:\Users\Patricia Castro\.m2\repository\io\micrometer\micrometer-observation\1.12.4\micrometer-observation-1.12.4.jar;C:\Users\Patricia Castro\.m2\repository\io\micrometer\micrometer-commons\1.12.4\micrometer-commons-1.12.4.jar;C:\Users\Patricia Castro\.m2\repository\org\springframework\spring-webmvc\6.1.5\spring-webmvc-6.1.5.jar;C:\Users\Patricia Castro\.m2\repository\org\postgresql\postgresql\42.6.2\postgresql-42.6.2.jar;C:\Users\Patricia Castro\.m2\repository\org\checkerframework\checker-qual\3.31.0\checker-qual-3.31.0.jar;C:\Users\Patricia Castro\.m2\repository\org\springframework\boot\spring-boot-starter-test\3.2.4\spring-boot-starter-test-3.2.4.jar;C:\Users\Patricia Castro\.m2\repository\org\springframework\boot\spring-boot-test\3.2.4\spring-boot-test-3.2.4.jar;C:\Users\Patricia Castro\.m2\repository\org\springframework\boot\spring-boot-test-autoconfigure\3.2.4\spring-boot-test-autoconfigure-3.2.4.jar;C:\Users\Patricia Castro\.m2\repository\com\jayway\jsonpath\json-path\2.9.0\json-path-2.9.0.jar;C:\Users\Patricia Castro\.m2\repository\jakarta\xml\bind\jakarta.xml.bind-api\4.0.2\jakarta.xml.bind-api-4.0.2.jar;C:\Users\Patricia Castro\.m2\repository\jakarta\activation\jakarta.activation-api\2.1.3\jakarta.activation-api-2.1.3.jar;C:\Users\Patricia Castro\.m2\repository\net\minidev\json-smart\2.5.0\json-smart-2.5.0.jar;C:\Users\Patricia Castro\.m2\repository\net\minidev\accessors-smart\2.5.0\accessors-smart-2.5.0.jar;C:\Users\Patricia Castro\.m2\repository\org\assertj\assertj-core\3.24.2\assertj-core-3.24.2.jar;C:\Users\Patricia Castro\.m2\repository\org\awaitility\awaitility\4.2.0\awaitility-4.2.0.jar;C:\Users\Patricia Castro\.m2\repository\org\hamcrest\hamcrest\2.2\hamcrest-2.2.jar;C:\Users\Patricia Castro\.m2\repository\org\junit\jupiter\junit-jupiter\5.10.2\junit-jupiter-5.10.2.jar;C:\Users\Patricia Castro\.m2\repository\org\junit\jupiter\junit-jupiter-api\5.10.2\junit-jupiter-api-5.10.2.jar;C:\Users\Patricia Castro\.m2\repository\org\opentest4j\opentest4j\1.3.0\opentest4j-1.3.0.jar;C:\Users\Patricia Castro\.m2\repository\org\junit\platform\junit-platform-commons\1.10.2\junit-platform-commons-1.10.2.jar;C:\Users\Patricia Castro\.m2\repository\org\apiguardian\apiguardian-api\1.1.2\apiguardian-api-1.1.2.jar;C:\Users\Patricia Castro\.m2\repository\org\junit\jupiter\junit-jupiter-params\5.10.2\junit-jupiter-params-5.10.2.jar;C:\Users\Patricia Castro\.m2\repository\org\junit\jupiter\junit-jupiter-engine\5.10.2\junit-jupiter-engine-5.10.2.jar;C:\Users\Patricia Castro\.m2\repository\org\junit\platform\junit-platform-engine\1.10.2\junit-platform-engine-1.10.2.jar;C:\Users\Patricia Castro\.m2\repository\org\mockito\mockito-core\5.7.0\mockito-core-5.7.0.jar;C:\Users\Patricia Castro\.m2\repository\net\bytebuddy\byte-buddy-agent\1.14.12\byte-buddy-agent-1.14.12.jar;C:\Users\Patricia Castro\.m2\repository\org\objenesis\objenesis\3.3\objenesis-3.3.jar;C:\Users\Patricia Castro\.m2\repository\org\mockito\mockito-junit-jupiter\5.7.0\mockito-junit-jupiter-5.7.0.jar;C:\Users\Patricia Castro\.m2\repository\org\skyscreamer\jsonassert\1.5.1\jsonassert-1.5.1.jar;C:\Users\Patricia Castro\.m2\repository\com\vaadin\external\google\android-json\0.0.20131108.vaadin1\android-json-0.0.20131108.vaadin1.jar;C:\Users\Patricia Castro\.m2\repository\org\springframework\spring-core\6.1.5\spring-core-6.1.5.jar;C:\Users\Patricia Castro\.m2\repository\org\springframework\spring-jcl\6.1.5\spring-jcl-6.1.5.jar;C:\Users\Patricia Castro\.m2\repository\org\springframework\spring-test\6.1.5\spring-test-6.1.5.jar;C:\Users\Patricia Castro\.m2\repository\org\xmlunit\xmlunit-core\2.9.1\xmlunit-core-2.9.1.jar;C:\Users\Patricia Castro\.m2\repository\org\springframework\security\spring-security-test\6.2.3\spring-security-test-6.2.3.jar;C:\Users\Patricia Castro\.m2\repository\org\springframework\security\spring-security-core\6.2.3\spring-security-core-6.2.3.jar;C:\Users\Patricia Castro\.m2\repository\org\springframework\security\spring-security-crypto\6.2.3\spring-security-crypto-6.2.3.jar;C:\Users\Patricia Castro\.m2\repository\com\auth0\java-jwt\3.8.1\java-jwt-3.8.1.jar;C:\Users\Patricia Castro\.m2\repository\commons-codec\commons-codec\1.16.1\commons-codec-1.16.1.jar;C:\Users\Patricia Castro\.m2\repository\org\springframework\spring-tx\6.1.5\spring-tx-6.1.5.jar;C:\Users\Patricia Castro\.m2\repository\org\springframework\spring-beans\6.1.5\spring-beans-6.1.5.jar;C:\Users\Patricia Castro\.m2\repository\com\fasterxml\jackson\core\jackson-databind\2.15.4\jackson-databind-2.15.4.jar;C:\Users\Patricia Castro\.m2\repository\com\fasterxml\jackson\core\jackson-annotations\2.15.4\jackson-annotations-2.15.4.jar;C:\Users\Patricia Castro\.m2\repository\com\fasterxml\jackson\core\jackson-core\2.15.4\jackson-core-2.15.4.jar;"/>
    <property name="sun.cpu.endian" value="little"/>
    <property name="user.home" value="C:\Users\Patricia Castro"/>
    <property name="user.language" value="pt"/>
    <property name="java.specification.vendor" value="Oracle Corporation"/>
    <property name="java.version.date" value="2024-01-16"/>
    <property name="java.home" value="C:\Program Files\Java\jdk-17"/>
    <property name="file.separator" value="\"/>
    <property name="basedir" value="C:\Users\Patricia Castro\Desktop\SpringSpace\Projects\quickbeautyapi"/>
    <property name="java.vm.compressedOopsMode" value="32-bit"/>
    <property name="line.separator" value="&#10;"/>
    <property name="java.vm.specification.vendor" value="Oracle Corporation"/>
    <property name="java.specification.name" value="Java Platform API Specification"/>
    <property name="FILE_LOG_CHARSET" value="windows-1252"/>
    <property name="java.awt.headless" value="true"/>
    <property name="surefire.real.class.path" value="C:\Users\Patricia Castro\AppData\Local\Temp\surefire10530659516743317959\surefirebooter-20240425230942002_3.jar"/>
    <property name="user.script" value=""/>
    <property name="sun.management.compiler" value="HotSpot 64-Bit Tiered Compilers"/>
    <property name="java.runtime.version" value="17.0.10+11-LTS-240"/>
    <property name="user.name" value="Patricia Castro"/>
    <property name="path.separator" value=";"/>
    <property name="os.version" value="10.0"/>
    <property name="java.runtime.name" value="Java(TM) SE Runtime Environment"/>
    <property name="file.encoding" value="Cp1252"/>
    <property name="java.vm.name" value="Java HotSpot(TM) 64-Bit Server VM"/>
    <property name="localRepository" value="C:\Users\Patricia Castro\.m2\repository"/>
    <property name="java.vendor.url.bug" value="https://bugreport.java.com/bugreport/"/>
    <property name="java.io.tmpdir" value="C:\Users\PATRIC~1\AppData\Local\Temp\"/>
    <property name="com.zaxxer.hikari.pool_number" value="1"/>
    <property name="java.version" value="17.0.10"/>
    <property name="user.dir" value="C:\Users\Patricia Castro\Desktop\SpringSpace\Projects\quickbeautyapi"/>
    <property name="os.arch" value="amd64"/>
    <property name="java.vm.specification.name" value="Java Virtual Machine Specification"/>
    <property name="PID" value="12480"/>
    <property name="sun.os.patch.level" value=""/>
    <property name="CONSOLE_LOG_CHARSET" value="windows-1252"/>
    <property name="native.encoding" value="Cp1252"/>
    <property name="java.library.path" value="C:\Program Files\Java\jdk-17\bin;C:\WINDOWS\Sun\Java\bin;C:\WINDOWS\system32;C:\WINDOWS;%JAVA_HOME%\bin;C:\Program Files\Common Files\Oracle\Java\javapath;C:\Program Files (x86)\Common Files\Oracle\Java\javapath;C:\WINDOWS\system32;C:\WINDOWS;C:\WINDOWS\System32\Wbem;C:\WINDOWS\System32\WindowsPowerShell\v1.0\;C:\WINDOWS\System32\OpenSSH\;C:\Program Files\dotnet\;C:\Users\Patricia Castro\AppData\Local\Microsoft\WindowsApps;C:\apache-maven-3.9.6\bin;;."/>
    <property name="java.vm.info" value="mixed mode, sharing"/>
    <property name="java.vendor" value="Oracle Corporation"/>
    <property name="java.vm.version" value="17.0.10+11-LTS-240"/>
    <property name="sun.io.unicode.encoding" value="UnicodeLittle"/>
    <property name="java.class.version" value="61.0"/>
  </properties>
  <testcase name="contextLoads" classname="com.quick.beauty.quickbeautyapi.QuickbeautyapiApplicationTests" time="1.741">
    <system-out><![CDATA[Standard Commons Logging discovery in action with spring-jcl: please remove commons-logging.jar from classpath in order to avoid potential conflicts
23:09:44.639 [main] INFO org.springframework.test.context.support.AnnotationConfigContextLoaderUtils -- Could not detect default configuration classes for test class [com.quick.beauty.quickbeautyapi.QuickbeautyapiApplicationTests]: QuickbeautyapiApplicationTests does not declare any static, non-private, non-final, nested classes annotated with @Configuration.
23:09:45.004 [main] INFO org.springframework.boot.test.context.SpringBootTestContextBootstrapper -- Found @SpringBootConfiguration com.quick.beauty.quickbeautyapi.QuickbeautyapiApplication for test class com.quick.beauty.quickbeautyapi.QuickbeautyapiApplicationTests

  .   ____          _            __ _ _
 /\\ / ___'_ __ _ _(_)_ __  __ _ \ \ \ \
( ( )\___ | '_ | '_| | '_ \/ _` | \ \ \ \
 \\/  ___)| |_)| | | | | || (_| |  ) ) ) )
  '  |____| .__|_| |_|_| |_\__, | / / / /
 =========|_|==============|___/=/_/_/_/
 :: Spring Boot ::                (v3.2.4)

2024-04-25T23:09:46.325-03:00  INFO 12480 --- [           main] c.q.b.q.QuickbeautyapiApplicationTests   : Starting QuickbeautyapiApplicationTests using Java 17.0.10 with PID 12480 (started by Patricia Castro in C:\Users\Patricia Castro\Desktop\SpringSpace\Projects\quickbeautyapi)
2024-04-25T23:09:46.329-03:00  INFO 12480 --- [           main] c.q.b.q.QuickbeautyapiApplicationTests   : No active profile set, falling back to 1 default profile: "default"
2024-04-25T23:09:48.940-03:00  INFO 12480 --- [           main] .s.d.r.c.RepositoryConfigurationDelegate : Bootstrapping Spring Data JPA repositories in DEFAULT mode.
2024-04-25T23:09:49.256-03:00  INFO 12480 --- [           main] .s.d.r.c.RepositoryConfigurationDelegate : Finished Spring Data repository scanning in 263 ms. Found 9 JPA repository interfaces.
2024-04-25T23:09:51.114-03:00  INFO 12480 --- [           main] o.hibernate.jpa.internal.util.LogHelper  : HHH000204: Processing PersistenceUnitInfo [name: default]
2024-04-25T23:09:51.478-03:00  INFO 12480 --- [           main] org.hibernate.Version                    : HHH000412: Hibernate ORM core version 6.4.4.Final
2024-04-25T23:09:51.637-03:00  INFO 12480 --- [           main] o.h.c.internal.RegionFactoryInitiator    : HHH000026: Second-level cache disabled
2024-04-25T23:09:52.771-03:00  INFO 12480 --- [           main] o.s.o.j.p.SpringPersistenceUnitInfo      : No LoadTimeWeaver setup: ignoring JPA class transformer
2024-04-25T23:09:52.891-03:00  INFO 12480 --- [           main] com.zaxxer.hikari.HikariDataSource       : HikariPool-1 - Starting...
2024-04-25T23:09:53.700-03:00  INFO 12480 --- [           main] com.zaxxer.hikari.pool.HikariPool        : HikariPool-1 - Added connection org.postgresql.jdbc.PgConnection@752973de
2024-04-25T23:09:53.707-03:00  INFO 12480 --- [           main] com.zaxxer.hikari.HikariDataSource       : HikariPool-1 - Start completed.
2024-04-25T23:09:58.051-03:00  INFO 12480 --- [           main] o.h.e.t.j.p.i.JtaPlatformInitiator       : HHH000489: No JTA platform available (set 'hibernate.transaction.jta.platform' to enable JTA platform integration)
Hibernate: drop table if exists tb_adherence_of_registrations_per_day cascade
2024-04-25T23:09:58.116-03:00  WARN 12480 --- [           main] o.h.engine.jdbc.spi.SqlExceptionHelper   : SQL Warning Code: 0, SQLState: 00000
2024-04-25T23:09:58.117-03:00  WARN 12480 --- [           main] o.h.engine.jdbc.spi.SqlExceptionHelper   : table "tb_adherence_of_registrations_per_day" does not exist, skipping
Hibernate: drop table if exists tb_admin cascade
2024-04-25T23:09:58.119-03:00  WARN 12480 --- [           main] o.h.engine.jdbc.spi.SqlExceptionHelper   : SQL Warning Code: 0, SQLState: 00000
2024-04-25T23:09:58.119-03:00  WARN 12480 --- [           main] o.h.engine.jdbc.spi.SqlExceptionHelper   : table "tb_admin" does not exist, skipping
Hibernate: drop table if exists tb_client cascade
2024-04-25T23:09:58.120-03:00  WARN 12480 --- [           main] o.h.engine.jdbc.spi.SqlExceptionHelper   : SQL Warning Code: 0, SQLState: 00000
2024-04-25T23:09:58.121-03:00  WARN 12480 --- [           main] o.h.engine.jdbc.spi.SqlExceptionHelper   : table "tb_client" does not exist, skipping
Hibernate: drop table if exists tb_form_of_payment cascade
2024-04-25T23:09:58.122-03:00  WARN 12480 --- [           main] o.h.engine.jdbc.spi.SqlExceptionHelper   : SQL Warning Code: 0, SQLState: 00000
2024-04-25T23:09:58.123-03:00  WARN 12480 --- [           main] o.h.engine.jdbc.spi.SqlExceptionHelper   : table "tb_form_of_payment" does not exist, skipping
Hibernate: drop table if exists tb_payment cascade
2024-04-25T23:09:58.124-03:00  WARN 12480 --- [           main] o.h.engine.jdbc.spi.SqlExceptionHelper   : SQL Warning Code: 0, SQLState: 00000
2024-04-25T23:09:58.125-03:00  WARN 12480 --- [           main] o.h.engine.jdbc.spi.SqlExceptionHelper   : table "tb_payment" does not exist, skipping
Hibernate: drop table if exists tb_professional cascade
2024-04-25T23:09:58.126-03:00  WARN 12480 --- [           main] o.h.engine.jdbc.spi.SqlExceptionHelper   : SQL Warning Code: 0, SQLState: 00000
2024-04-25T23:09:58.127-03:00  WARN 12480 --- [           main] o.h.engine.jdbc.spi.SqlExceptionHelper   : table "tb_professional" does not exist, skipping
Hibernate: drop table if exists tb_scheduling cascade
2024-04-25T23:09:58.128-03:00  WARN 12480 --- [           main] o.h.engine.jdbc.spi.SqlExceptionHelper   : SQL Warning Code: 0, SQLState: 00000
2024-04-25T23:09:58.129-03:00  WARN 12480 --- [           main] o.h.engine.jdbc.spi.SqlExceptionHelper   : table "tb_scheduling" does not exist, skipping
Hibernate: drop table if exists tb_service cascade
2024-04-25T23:09:58.130-03:00  WARN 12480 --- [           main] o.h.engine.jdbc.spi.SqlExceptionHelper   : SQL Warning Code: 0, SQLState: 00000
2024-04-25T23:09:58.130-03:00  WARN 12480 --- [           main] o.h.engine.jdbc.spi.SqlExceptionHelper   : table "tb_service" does not exist, skipping
Hibernate: drop table if exists tb_user cascade
2024-04-25T23:09:58.132-03:00  WARN 12480 --- [           main] o.h.engine.jdbc.spi.SqlExceptionHelper   : SQL Warning Code: 0, SQLState: 00000
2024-04-25T23:09:58.132-03:00  WARN 12480 --- [           main] o.h.engine.jdbc.spi.SqlExceptionHelper   : table "tb_user" does not exist, skipping
Hibernate: create table tb_adherence_of_registrations_per_day (today date, how_many_admins bigint, how_many_clients bigint, how_many_professionals bigint, how_many_users bigint, id bigserial not null, primary key (id))
Hibernate: create table tb_admin (criation_date date, id bigserial not null, user_id bigint not null unique, primary key (id))
Hibernate: create table tb_client (id bigserial not null, user_id bigint not null unique, primary key (id))
Hibernate: create table tb_form_of_payment (id bigserial not null, name_form_of_payment varchar(255), primary key (id))
Hibernate: create table tb_payment (price float(53) not null, client_id bigint not null, id bigserial not null, id_form_of_payment bigint not null, pay_day timestamp(6), professional_id bigint not null, primary key (id))
Hibernate: create table tb_professional (id bigserial not null, user_id bigint not null, specialty varchar(255), primary key (id))
Hibernate: create table tb_scheduling (id bigserial not null, id_client bigint not null, id_payment bigint not null, id_professional bigint not null, id_service bigint not null, marked_date timestamp(6), primary key (id))
Hibernate: create table tb_service (service_finished boolean not null, date_of_making_the_request timestamp(6) not null, id bigserial not null, distance varchar(255) not null, gathering_place varchar(255) not null, service_description varchar(255), primary key (id))
Hibernate: create table tb_user (active boolean not null, evaluation_note float(53) not null, id bigserial not null, cep varchar(255) not null, cpf varchar(255) not null unique, date_of_birth varchar(255), email varchar(255) not null unique, house_number varchar(255) not null, password varchar(255) not null, phone_number varchar(255) not null unique, type varchar(255) not null, user_image TEXT, username varchar(255) not null unique, primary key (id))
Hibernate: INSERT INTO tb_user(USERNAME, CPF, DATE_OF_BIRTH, EMAIL, PASSWORD, TYPE, PHONE_NUMBER, CEP, HOUSE_NUMBER, EVALUATION_NOTE, ACTIVE) VALUES ('Maria', '32198709876', '1998-05-10', 'maria@gmail.com', '$2a$10$nt47ghQ4yzVAv5fFJaFPDOwQul2bgfkvy077BWjEx71NhzMItp8qa', 'CLIENT', '970986876', '29116560', '55', 4.1, true)
Hibernate: INSERT INTO tb_user(USERNAME, CPF, DATE_OF_BIRTH, EMAIL, PASSWORD, TYPE, PHONE_NUMBER, CEP, HOUSE_NUMBER, EVALUATION_NOTE, ACTIVE) VALUES ('Bob', '23178976543', '2007-12-01', 'bob@gmail.com', '$2a$10$nt47ghQ4yzVAv5fFJaFPDOwQul2bgfkvy077BWjEx71NhzMItp8qa', 'CLIENT', '980976543', '24752650', '49', 4.4, true)
Hibernate: INSERT INTO tb_user(USERNAME, CPF, DATE_OF_BIRTH, EMAIL, PASSWORD, TYPE, PHONE_NUMBER, CEP, HOUSE_NUMBER, EVALUATION_NOTE, ACTIVE) VALUES ('Alex', '45231098712', '2001-02-15', 'alex@gmail.com', '$2a$10$nt47ghQ4yzVAv5fFJaFPDOwQul2bgfkvy077BWjEx71NhzMItp8qa', 'CLIENT', '967865432', '67140110', '21', 4.9, true)
Hibernate: INSERT INTO tb_user(USERNAME, CPF, DATE_OF_BIRTH, EMAIL, PASSWORD, TYPE, PHONE_NUMBER, CEP, HOUSE_NUMBER, EVALUATION_NOTE, ACTIVE) VALUES ('Ana', '45098172321', '2004-03-17', 'ana@gmail.com', '$2a$10$nt47ghQ4yzVAv5fFJaFPDOwQul2bgfkvy077BWjEx71NhzMItp8qa', 'CLIENT', '940098932', '64023122', '35', 4.7, true)
Hibernate: INSERT INTO tb_user(USERNAME, CPF, DATE_OF_BIRTH, EMAIL, PASSWORD, TYPE, PHONE_NUMBER, CEP, HOUSE_NUMBER, EVALUATION_NOTE, ACTIVE) VALUES ('Ruben', '12332142123', '2002-09-11', 'ruben@gmail.com', '$2a$10$nt47ghQ4yzVAv5fFJaFPDOwQul2bgfkvy077BWjEx71NhzMItp8qa', 'CLIENT', '990988776', '77430460', '42', 4.4, true)
Hibernate: INSERT INTO tb_user(USERNAME, CPF, DATE_OF_BIRTH, EMAIL, PASSWORD, TYPE, PHONE_NUMBER, CEP, HOUSE_NUMBER, EVALUATION_NOTE, ACTIVE) VALUES ('Admin', '42343252321', '2001-09-11', 'admin@admin.com', '$2a$10$nt47ghQ4yzVAv5fFJaFPDOwQul2bgfkvy077BWjEx71NhzMItp8qa', 'ADMIN', '980918777', '75125710', '49', 5.0, true)
Hibernate: INSERT INTO tb_admin(USER_ID, CRIATION_DATE) VALUES(6, '2024-04-01')
Hibernate: INSERT INTO tb_client(USER_ID) VALUES(1)
Hibernate: INSERT INTO tb_client(USER_ID) VALUES(2)
Hibernate: INSERT INTO tb_client(USER_ID) VALUES(3)
Hibernate: INSERT INTO tb_professional(USER_ID, SPECIALTY) VALUES(4, 'Manicure')
Hibernate: INSERT INTO tb_professional(USER_ID, SPECIALTY) VALUES(5, 'Progressiva')
Hibernate: INSERT INTO tb_adherence_of_registrations_per_day(TODAY, HOW_MANY_ADMINS, HOW_MANY_CLIENTS, HOW_MANY_PROFESSIONALS, HOW_MANY_USERS) VALUES('2024-04-15', 0, 0, 0, 0)
Hibernate: INSERT INTO tb_adherence_of_registrations_per_day(TODAY, HOW_MANY_ADMINS, HOW_MANY_CLIENTS, HOW_MANY_PROFESSIONALS, HOW_MANY_USERS) VALUES('2024-04-16', 0, 0, 0, 0)
Hibernate: INSERT INTO tb_adherence_of_registrations_per_day(TODAY, HOW_MANY_ADMINS, HOW_MANY_CLIENTS, HOW_MANY_PROFESSIONALS, HOW_MANY_USERS) VALUES('2024-04-17', 0, 0, 0, 0)
Hibernate: INSERT INTO tb_service(SERVICE_DESCRIPTION, GATHERING_PLACE, DATE_OF_MAKING_THE_REQUEST, DISTANCE, SERVICE_FINISHED) VALUES('Pintura de Cabelo', '01304001', '11/04/2024', '1km', FALSE)
Hibernate: INSERT INTO tb_service(SERVICE_DESCRIPTION, GATHERING_PLACE, DATE_OF_MAKING_THE_REQUEST, DISTANCE, SERVICE_FINISHED) VALUES('Retoque de unhas', '01304000', '11/04/2024', '5km', FALSE)
Hibernate: INSERT INTO tb_form_of_payment(NAME_FORM_OF_PAYMENT) VALUES('CartÃ£o de CrÃ©dito')
Hibernate: INSERT INTO tb_form_of_payment(NAME_FORM_OF_PAYMENT) VALUES('DÃ©bito')
Hibernate: INSERT INTO tb_form_of_payment(NAME_FORM_OF_PAYMENT) VALUES('Pix')
Hibernate: INSERT INTO tb_payment(PAY_DAY, PRICE, ID_FORM_OF_PAYMENT, CLIENT_ID, PROFESSIONAL_ID) VALUES('11/04/2024', 280.55, '2', '3', '2')
Hibernate: INSERT INTO tb_payment(PAY_DAY, PRICE, ID_FORM_OF_PAYMENT, CLIENT_ID, PROFESSIONAL_ID) VALUES('11/04/2024', 480.55, '3', '3', '1')
Hibernate: INSERT INTO tb_scheduling(MARKED_DATE, ID_CLIENT, ID_PROFESSIONAL, ID_SERVICE, ID_PAYMENT) VALUES ('12/04/2024', '1', '2', '1', '1')
Hibernate: INSERT INTO tb_scheduling(MARKED_DATE, ID_CLIENT, ID_PROFESSIONAL, ID_SERVICE, ID_PAYMENT) VALUES ('13/04/2024', '3', '1', '2', '2')
2024-04-25T23:09:59.164-03:00  INFO 12480 --- [           main] j.LocalContainerEntityManagerFactoryBean : Initialized JPA EntityManagerFactory for persistence unit 'default'
2024-04-25T23:10:00.159-03:00  INFO 12480 --- [           main] o.s.d.j.r.query.QueryEnhancerFactory     : Hibernate is in classpath; If applicable, HQL parser will be used.
2024-04-25T23:10:01.779-03:00  WARN 12480 --- [           main] JpaBaseConfiguration$JpaWebConfiguration : spring.jpa.open-in-view is enabled by default. Therefore, database queries may be performed during view rendering. Explicitly configure spring.jpa.open-in-view to disable this warning
2024-04-25T23:10:02.571-03:00  INFO 12480 --- [           main] o.s.s.web.DefaultSecurityFilterChain     : Will secure any request with [org.springframework.security.web.session.DisableEncodeUrlFilter@3ba50851, org.springframework.security.web.context.request.async.WebAsyncManagerIntegrationFilter@5c20841d, org.springframework.security.web.context.SecurityContextHolderFilter@6d70e68b, org.springframework.security.web.header.HeaderWriterFilter@2ebd6a0d, org.springframework.web.filter.CorsFilter@1a1dd8eb, org.springframework.security.web.authentication.logout.LogoutFilter@34e7cde3, com.quick.beauty.quickbeautyapi.configurations.FilterToken@bae5e58, org.springframework.security.web.savedrequest.RequestCacheAwareFilter@3b38f032, org.springframework.security.web.servletapi.SecurityContextHolderAwareRequestFilter@17d83fe4, org.springframework.security.web.authentication.AnonymousAuthenticationFilter@4def900a, org.springframework.security.web.session.SessionManagementFilter@69346100, org.springframework.security.web.access.ExceptionTranslationFilter@22942eff, org.springframework.security.web.access.intercept.AuthorizationFilter@46c61d1]
2024-04-25T23:10:03.741-03:00  INFO 12480 --- [           main] c.q.b.q.QuickbeautyapiApplicationTests   : Started QuickbeautyapiApplicationTests in 18.212 seconds (process running for 21.335)
]]></system-out>
  </testcase>
</testsuite>